/!\ FAILSAFE /!\  Tue Oct 19 00:07:45 -0700 2010
  Status: 500 Internal Server Error
  Access denied for user 'root'@'localhost' (using password: NO)
    /home/hariis/railsapps/afford/vendor/rails/activerecord/lib/active_record/connection_adapters/mysql_adapter.rb:589:in `real_connect'
    /home/hariis/railsapps/afford/vendor/rails/activerecord/lib/active_record/connection_adapters/mysql_adapter.rb:589:in `connect'
    /home/hariis/railsapps/afford/vendor/rails/activerecord/lib/active_record/connection_adapters/mysql_adapter.rb:203:in `initialize'
    /home/hariis/railsapps/afford/vendor/rails/activerecord/lib/active_record/connection_adapters/mysql_adapter.rb:75:in `new'
    /home/hariis/railsapps/afford/vendor/rails/activerecord/lib/active_record/connection_adapters/mysql_adapter.rb:75:in `mysql_connection'
    /home/hariis/railsapps/afford/vendor/rails/activerecord/lib/active_record/connection_adapters/abstract/connection_pool.rb:223:in `send'
    /home/hariis/railsapps/afford/vendor/rails/activerecord/lib/active_record/connection_adapters/abstract/connection_pool.rb:223:in `new_connection'
    /home/hariis/railsapps/afford/vendor/rails/activerecord/lib/active_record/connection_adapters/abstract/connection_pool.rb:245:in `checkout_new_connection'
    /home/hariis/railsapps/afford/vendor/rails/activerecord/lib/active_record/connection_adapters/abstract/connection_pool.rb:188:in `checkout'
    /home/hariis/railsapps/afford/vendor/rails/activerecord/lib/active_record/connection_adapters/abstract/connection_pool.rb:184:in `loop'
    /home/hariis/railsapps/afford/vendor/rails/activerecord/lib/active_record/connection_adapters/abstract/connection_pool.rb:184:in `checkout'
    /usr/lib/ruby/1.8/monitor.rb:242:in `synchronize'
    /home/hariis/railsapps/afford/vendor/rails/activerecord/lib/active_record/connection_adapters/abstract/connection_pool.rb:183:in `checkout'
    /home/hariis/railsapps/afford/vendor/rails/activerecord/lib/active_record/connection_adapters/abstract/connection_pool.rb:98:in `connection'
    /home/hariis/railsapps/afford/vendor/rails/activerecord/lib/active_record/connection_adapters/abstract/connection_pool.rb:326:in `retrieve_connection'
    /home/hariis/railsapps/afford/vendor/rails/activerecord/lib/active_record/connection_adapters/abstract/connection_specification.rb:123:in `retrieve_connection'
    /home/hariis/railsapps/afford/vendor/rails/activerecord/lib/active_record/connection_adapters/abstract/connection_specification.rb:115:in `connection'
    /home/hariis/railsapps/afford/vendor/rails/activerecord/lib/active_record/query_cache.rb:9:in `cache'
    /home/hariis/railsapps/afford/vendor/rails/activerecord/lib/active_record/query_cache.rb:28:in `call'
    /home/hariis/railsapps/afford/vendor/rails/activerecord/lib/active_record/connection_adapters/abstract/connection_pool.rb:361:in `call'
    /home/hariis/railsapps/afford/vendor/rails/actionpack/lib/action_controller/failsafe.rb:26:in `call'
    /usr/lib/ruby/gems/1.8/gems/rack-1.0.1/lib/rack/lock.rb:11:in `call'
    /usr/lib/ruby/gems/1.8/gems/rack-1.0.1/lib/rack/lock.rb:11:in `synchronize'
    /usr/lib/ruby/gems/1.8/gems/rack-1.0.1/lib/rack/lock.rb:11:in `call'
    /home/hariis/railsapps/afford/vendor/rails/actionpack/lib/action_controller/dispatcher.rb:114:in `call'
    /home/hariis/railsapps/afford/vendor/rails/actionpack/lib/action_controller/reloader.rb:34:in `run'
    /home/hariis/railsapps/afford/vendor/rails/actionpack/lib/action_controller/dispatcher.rb:108:in `call'
    /home/hariis/railsapps/afford/vendor/rails/railties/lib/rails/rack/static.rb:31:in `call'
    /usr/lib/ruby/gems/1.8/gems/rack-1.0.1/lib/rack/urlmap.rb:46:in `call'
    /usr/lib/ruby/gems/1.8/gems/rack-1.0.1/lib/rack/urlmap.rb:40:in `each'
    /usr/lib/ruby/gems/1.8/gems/rack-1.0.1/lib/rack/urlmap.rb:40:in `call'
    /home/hariis/railsapps/afford/vendor/rails/railties/lib/rails/rack/log_tailer.rb:17:in `call'
    /usr/lib/ruby/gems/1.8/gems/rack-1.0.1/lib/rack/content_length.rb:13:in `call'
    /usr/lib/ruby/gems/1.8/gems/rack-1.0.1/lib/rack/chunked.rb:15:in `call'
    /usr/lib/ruby/gems/1.8/gems/rack-1.0.1/lib/rack/handler/mongrel.rb:64:in `process'
    /usr/lib/ruby/gems/1.8/gems/mongrel-1.1.5/lib/mongrel.rb:159:in `process_client'
    /usr/lib/ruby/gems/1.8/gems/mongrel-1.1.5/lib/mongrel.rb:158:in `each'
    /usr/lib/ruby/gems/1.8/gems/mongrel-1.1.5/lib/mongrel.rb:158:in `process_client'
    /usr/lib/ruby/gems/1.8/gems/mongrel-1.1.5/lib/mongrel.rb:285:in `run'
    /usr/lib/ruby/gems/1.8/gems/mongrel-1.1.5/lib/mongrel.rb:285:in `initialize'
    /usr/lib/ruby/gems/1.8/gems/mongrel-1.1.5/lib/mongrel.rb:285:in `new'
    /usr/lib/ruby/gems/1.8/gems/mongrel-1.1.5/lib/mongrel.rb:285:in `run'
    /usr/lib/ruby/gems/1.8/gems/mongrel-1.1.5/lib/mongrel.rb:268:in `initialize'
    /usr/lib/ruby/gems/1.8/gems/mongrel-1.1.5/lib/mongrel.rb:268:in `new'
    /usr/lib/ruby/gems/1.8/gems/mongrel-1.1.5/lib/mongrel.rb:268:in `run'
    /usr/lib/ruby/gems/1.8/gems/rack-1.0.1/lib/rack/handler/mongrel.rb:34:in `run'
    /home/hariis/railsapps/afford/vendor/rails/railties/lib/commands/server.rb:111
    /usr/local/lib/site_ruby/1.8/rubygems/custom_require.rb:31:in `gem_original_require'
    /usr/local/lib/site_ruby/1.8/rubygems/custom_require.rb:31:in `require'
    ./script/server:3
    /usr/lib/ruby/gems/1.8/gems/ruby-debug-ide-0.4.9/lib/ruby-debug-ide.rb:109:in `debug_load'
    /usr/lib/ruby/gems/1.8/gems/ruby-debug-ide-0.4.9/lib/ruby-debug-ide.rb:109:in `debug_program'
    /usr/lib/ruby/gems/1.8/gems/ruby-debug-ide-0.4.9/bin/rdebug-ide:87
    /usr/bin/rdebug-ide:19:in `load'
    /usr/bin/rdebug-ide:19
/!\ FAILSAFE /!\  Tue Oct 19 00:10:58 -0700 2010
  Status: 500 Internal Server Error
  Access denied for user 'root'@'localhost' (using password: NO)
    /home/hariis/railsapps/afford/vendor/rails/activerecord/lib/active_record/connection_adapters/mysql_adapter.rb:589:in `real_connect'
    /home/hariis/railsapps/afford/vendor/rails/activerecord/lib/active_record/connection_adapters/mysql_adapter.rb:589:in `connect'
    /home/hariis/railsapps/afford/vendor/rails/activerecord/lib/active_record/connection_adapters/mysql_adapter.rb:203:in `initialize'
    /home/hariis/railsapps/afford/vendor/rails/activerecord/lib/active_record/connection_adapters/mysql_adapter.rb:75:in `new'
    /home/hariis/railsapps/afford/vendor/rails/activerecord/lib/active_record/connection_adapters/mysql_adapter.rb:75:in `mysql_connection'
    /home/hariis/railsapps/afford/vendor/rails/activerecord/lib/active_record/connection_adapters/abstract/connection_pool.rb:223:in `send'
    /home/hariis/railsapps/afford/vendor/rails/activerecord/lib/active_record/connection_adapters/abstract/connection_pool.rb:223:in `new_connection'
    /home/hariis/railsapps/afford/vendor/rails/activerecord/lib/active_record/connection_adapters/abstract/connection_pool.rb:245:in `checkout_new_connection'
    /home/hariis/railsapps/afford/vendor/rails/activerecord/lib/active_record/connection_adapters/abstract/connection_pool.rb:188:in `checkout'
    /home/hariis/railsapps/afford/vendor/rails/activerecord/lib/active_record/connection_adapters/abstract/connection_pool.rb:184:in `loop'
    /home/hariis/railsapps/afford/vendor/rails/activerecord/lib/active_record/connection_adapters/abstract/connection_pool.rb:184:in `checkout'
    /usr/lib/ruby/1.8/monitor.rb:242:in `synchronize'
    /home/hariis/railsapps/afford/vendor/rails/activerecord/lib/active_record/connection_adapters/abstract/connection_pool.rb:183:in `checkout'
    /home/hariis/railsapps/afford/vendor/rails/activerecord/lib/active_record/connection_adapters/abstract/connection_pool.rb:98:in `connection'
    /home/hariis/railsapps/afford/vendor/rails/activerecord/lib/active_record/connection_adapters/abstract/connection_pool.rb:326:in `retrieve_connection'
    /home/hariis/railsapps/afford/vendor/rails/activerecord/lib/active_record/connection_adapters/abstract/connection_specification.rb:123:in `retrieve_connection'
    /home/hariis/railsapps/afford/vendor/rails/activerecord/lib/active_record/connection_adapters/abstract/connection_specification.rb:115:in `connection'
    /home/hariis/railsapps/afford/vendor/rails/activerecord/lib/active_record/query_cache.rb:9:in `cache'
    /home/hariis/railsapps/afford/vendor/rails/activerecord/lib/active_record/query_cache.rb:28:in `call'
    /home/hariis/railsapps/afford/vendor/rails/activerecord/lib/active_record/connection_adapters/abstract/connection_pool.rb:361:in `call'
    /home/hariis/railsapps/afford/vendor/rails/actionpack/lib/action_controller/failsafe.rb:26:in `call'
    /usr/lib/ruby/gems/1.8/gems/rack-1.0.1/lib/rack/lock.rb:11:in `call'
    /usr/lib/ruby/gems/1.8/gems/rack-1.0.1/lib/rack/lock.rb:11:in `synchronize'
    /usr/lib/ruby/gems/1.8/gems/rack-1.0.1/lib/rack/lock.rb:11:in `call'
    /home/hariis/railsapps/afford/vendor/rails/actionpack/lib/action_controller/dispatcher.rb:114:in `call'
    /home/hariis/railsapps/afford/vendor/rails/actionpack/lib/action_controller/reloader.rb:34:in `run'
    /home/hariis/railsapps/afford/vendor/rails/actionpack/lib/action_controller/dispatcher.rb:108:in `call'
    /home/hariis/railsapps/afford/vendor/rails/railties/lib/rails/rack/static.rb:31:in `call'
    /usr/lib/ruby/gems/1.8/gems/rack-1.0.1/lib/rack/urlmap.rb:46:in `call'
    /usr/lib/ruby/gems/1.8/gems/rack-1.0.1/lib/rack/urlmap.rb:40:in `each'
    /usr/lib/ruby/gems/1.8/gems/rack-1.0.1/lib/rack/urlmap.rb:40:in `call'
    /home/hariis/railsapps/afford/vendor/rails/railties/lib/rails/rack/log_tailer.rb:17:in `call'
    /usr/lib/ruby/gems/1.8/gems/rack-1.0.1/lib/rack/content_length.rb:13:in `call'
    /usr/lib/ruby/gems/1.8/gems/rack-1.0.1/lib/rack/chunked.rb:15:in `call'
    /usr/lib/ruby/gems/1.8/gems/rack-1.0.1/lib/rack/handler/mongrel.rb:64:in `process'
    /usr/lib/ruby/gems/1.8/gems/mongrel-1.1.5/lib/mongrel.rb:159:in `process_client'
    /usr/lib/ruby/gems/1.8/gems/mongrel-1.1.5/lib/mongrel.rb:158:in `each'
    /usr/lib/ruby/gems/1.8/gems/mongrel-1.1.5/lib/mongrel.rb:158:in `process_client'
    /usr/lib/ruby/gems/1.8/gems/mongrel-1.1.5/lib/mongrel.rb:285:in `run'
    /usr/lib/ruby/gems/1.8/gems/mongrel-1.1.5/lib/mongrel.rb:285:in `initialize'
    /usr/lib/ruby/gems/1.8/gems/mongrel-1.1.5/lib/mongrel.rb:285:in `new'
    /usr/lib/ruby/gems/1.8/gems/mongrel-1.1.5/lib/mongrel.rb:285:in `run'
    /usr/lib/ruby/gems/1.8/gems/mongrel-1.1.5/lib/mongrel.rb:268:in `initialize'
    /usr/lib/ruby/gems/1.8/gems/mongrel-1.1.5/lib/mongrel.rb:268:in `new'
    /usr/lib/ruby/gems/1.8/gems/mongrel-1.1.5/lib/mongrel.rb:268:in `run'
    /usr/lib/ruby/gems/1.8/gems/rack-1.0.1/lib/rack/handler/mongrel.rb:34:in `run'
    /home/hariis/railsapps/afford/vendor/rails/railties/lib/commands/server.rb:111
    /usr/local/lib/site_ruby/1.8/rubygems/custom_require.rb:31:in `gem_original_require'
    /usr/local/lib/site_ruby/1.8/rubygems/custom_require.rb:31:in `require'
    ./script/server:3
    /usr/lib/ruby/gems/1.8/gems/ruby-debug-ide-0.4.9/lib/ruby-debug-ide.rb:109:in `debug_load'
    /usr/lib/ruby/gems/1.8/gems/ruby-debug-ide-0.4.9/lib/ruby-debug-ide.rb:109:in `debug_program'
    /usr/lib/ruby/gems/1.8/gems/ruby-debug-ide-0.4.9/bin/rdebug-ide:87
    /usr/bin/rdebug-ide:19:in `load'
    /usr/bin/rdebug-ide:19
  [4;36;1mSQL (0.1ms)[0m   [0;1mSET NAMES 'utf8'[0m
  [4;35;1mSQL (0.1ms)[0m   [0mSET SQL_AUTO_IS_NULL=0[0m
  [4;36;1mSQL (0.2ms)[0m   [0;1mSHOW TABLES[0m
  [4;35;1mSQL (100.5ms)[0m   [0mCREATE TABLE `schema_migrations` (`version` varchar(255) NOT NULL) ENGINE=InnoDB[0m
  [4;36;1mSQL (94.9ms)[0m   [0;1mCREATE UNIQUE INDEX `unique_schema_migrations` ON `schema_migrations` (`version`)[0m
  [4;35;1mSQL (0.4ms)[0m   [0mSHOW TABLES[0m
  [4;36;1mSQL (0.4ms)[0m   [0;1mSELECT version FROM schema_migrations[0m
Migrating to CreateQuestions (20101016025825)
  [4;35;1mSQL (60.5ms)[0m   [0mCREATE TABLE `questions` (`id` int(11) DEFAULT NULL auto_increment PRIMARY KEY, `financial_id` int(11), `user_id` int(11), `item_name` varchar(255) NOT NULL, `item_cost` int(11) NOT NULL, `reason_to_buy` int(11) NOT NULL, `recurring_item_cost` int(11) DEFAULT 0, `age` int(11) NOT NULL, `nick_name` varchar(255) NOT NULL, `expert_details` text, `expert_verdict` tinyint(1), `pm_saving` tinyint(1), `pm_investment` tinyint(1), `pm_financing` tinyint(1), `pm_saving_amount` int(11) DEFAULT 0, `pm_investment_amount` int(11) DEFAULT 0, `pm_financing_amount` int(11) DEFAULT 0, `tos` tinyint(1) DEFAULT 0, `created_at` datetime, `updated_at` datetime) ENGINE=InnoDB[0m
  [4;36;1mSQL (136.4ms)[0m   [0;1mCREATE INDEX `index_questions_on_financial_id` ON `questions` (`financial_id`)[0m
  [4;35;1mSQL (211.7ms)[0m   [0mCREATE INDEX `index_questions_on_user_id` ON `questions` (`user_id`)[0m
  [4;36;1mSQL (15.9ms)[0m   [0;1mINSERT INTO schema_migrations (version) VALUES ('20101016025825')[0m
Migrating to CreateFinancials (20101016035755)
  [4;35;1mSQL (91.8ms)[0m   [0mCREATE TABLE `financials` (`id` int(11) DEFAULT NULL auto_increment PRIMARY KEY, `user_id` int(11), `gross_income` int(11) NOT NULL, `net_income` int(11) NOT NULL, `total_expenses` int(11) NOT NULL, `mortage_payment` int(11) DEFAULT 0, `car_loan_payment` int(11) DEFAULT 0, `student_loan_payment` int(11) DEFAULT 0, `other_loan_payment` int(11) DEFAULT 0, `deferred_loan_amount` int(11) DEFAULT 0, `cc_debt` int(11) DEFAULT 0, `cc_interest_rate` int(11) DEFAULT 0, `liquid_assets` int(11) DEFAULT 0, `investments` int(11) DEFAULT 0, `retirement_savings` int(11) DEFAULT 0, `monthly_retirement_contribution` int(11) DEFAULT 0, `created_at` datetime, `updated_at` datetime) ENGINE=InnoDB[0m
  [4;36;1mSQL (251.8ms)[0m   [0;1mCREATE INDEX `index_financials_on_user_id` ON `financials` (`user_id`)[0m
  [4;35;1mSQL (24.9ms)[0m   [0mINSERT INTO schema_migrations (version) VALUES ('20101016035755')[0m
Migrating to CreateResponses (20101016194604)
  [4;36;1mSQL (0.3ms)[0m   [0;1mSHOW TABLES[0m
  [4;35;1mSQL (64.3ms)[0m   [0mCREATE TABLE `responses` (`id` int(11) DEFAULT NULL auto_increment PRIMARY KEY, `verdict` tinyint(1), `reason` text, `question_id` int(11), `user_id` int(11), `created_at` datetime, `updated_at` datetime) ENGINE=InnoDB[0m
  [4;36;1mSQL (111.4ms)[0m   [0;1mCREATE INDEX `index_responses_on_question_id` ON `responses` (`question_id`)[0m
  [4;35;1mSQL (236.3ms)[0m   [0mCREATE INDEX `index_responses_on_user_id` ON `responses` (`user_id`)[0m
  [4;36;1mSQL (16.1ms)[0m   [0;1mINSERT INTO schema_migrations (version) VALUES ('20101016194604')[0m
Migrating to CreateUsers (20101016203008)
  [4;35;1mSQL (86.0ms)[0m   [0mCREATE TABLE `users` (`id` int(11) DEFAULT NULL auto_increment PRIMARY KEY, `username` varchar(255), `email` varchar(255), `crypted_password` varchar(255), `password_salt` varchar(255), `persistence_token` varchar(255), `created_at` datetime, `updated_at` datetime) ENGINE=InnoDB[0m
  [4;36;1mSQL (252.1ms)[0m   [0;1mCREATE INDEX `index_users_on_username` ON `users` (`username`)[0m
  [4;35;1mSQL (24.3ms)[0m   [0mINSERT INTO schema_migrations (version) VALUES ('20101016203008')[0m
Migrating to CreateSessions (20101017024011)
  [4;36;1mSQL (51.3ms)[0m   [0;1mCREATE TABLE `sessions` (`id` int(11) DEFAULT NULL auto_increment PRIMARY KEY, `session_id` varchar(255) NOT NULL, `data` text, `created_at` datetime, `updated_at` datetime) ENGINE=InnoDB[0m
  [4;35;1mSQL (120.0ms)[0m   [0mCREATE INDEX `index_sessions_on_session_id` ON `sessions` (`session_id`)[0m
  [4;36;1mSQL (219.6ms)[0m   [0;1mCREATE INDEX `index_sessions_on_updated_at` ON `sessions` (`updated_at`)[0m
  [4;35;1mSQL (15.9ms)[0m   [0mINSERT INTO schema_migrations (version) VALUES ('20101017024011')[0m
Migrating to CreateFacebookUsers (20101017044011)
  [4;36;1mSQL (93.5ms)[0m   [0;1mCREATE TABLE `facebook_users` (`id` int(11) DEFAULT NULL auto_increment PRIMARY KEY, `user_id` int(11), `facebook_id` varchar(255), `name` varchar(255), `first_name` varchar(255), `last_name` varchar(255), `link` varchar(255), `email` varchar(255), `timezone` int(11), `token` varchar(255), `created_at` datetime, `updated_at` datetime) ENGINE=InnoDB[0m
  [4;35;1mSQL (16.0ms)[0m   [0mINSERT INTO schema_migrations (version) VALUES ('20101017044011')[0m
  [4;36;1mSQL (0.4ms)[0m   [0;1mSHOW TABLES[0m
  [4;35;1mSQL (0.2ms)[0m   [0mSELECT version FROM schema_migrations[0m
  [4;36;1mSQL (0.2ms)[0m   [0;1mSHOW TABLES[0m
  [4;35;1mSQL (0.8ms)[0m   [0mSHOW FIELDS FROM `facebook_users`[0m
  [4;36;1mSQL (0.6ms)[0m   [0;1mdescribe `facebook_users`[0m
  [4;35;1mSQL (0.2ms)[0m   [0mSHOW KEYS FROM `facebook_users`[0m
  [4;36;1mSQL (0.8ms)[0m   [0;1mSHOW FIELDS FROM `financials`[0m
  [4;35;1mSQL (0.8ms)[0m   [0mdescribe `financials`[0m
  [4;36;1mSQL (0.2ms)[0m   [0;1mSHOW KEYS FROM `financials`[0m
  [4;35;1mSQL (0.9ms)[0m   [0mSHOW FIELDS FROM `questions`[0m
  [4;36;1mSQL (0.7ms)[0m   [0;1mdescribe `questions`[0m
  [4;35;1mSQL (0.2ms)[0m   [0mSHOW KEYS FROM `questions`[0m
  [4;36;1mSQL (0.5ms)[0m   [0;1mSHOW FIELDS FROM `responses`[0m
  [4;35;1mSQL (0.4ms)[0m   [0mdescribe `responses`[0m
  [4;36;1mSQL (0.2ms)[0m   [0;1mSHOW KEYS FROM `responses`[0m
  [4;35;1mSQL (0.4ms)[0m   [0mSHOW FIELDS FROM `sessions`[0m
  [4;36;1mSQL (0.4ms)[0m   [0;1mdescribe `sessions`[0m
  [4;35;1mSQL (0.2ms)[0m   [0mSHOW KEYS FROM `sessions`[0m
  [4;36;1mSQL (0.5ms)[0m   [0;1mSHOW FIELDS FROM `users`[0m
  [4;35;1mSQL (0.4ms)[0m   [0mdescribe `users`[0m
  [4;36;1mSQL (0.2ms)[0m   [0;1mSHOW KEYS FROM `users`[0m
/!\ FAILSAFE /!\  Tue Oct 19 00:12:47 -0700 2010
  Status: 500 Internal Server Error
  Access denied for user 'root'@'localhost' (using password: NO)
    /home/hariis/railsapps/afford/vendor/rails/activerecord/lib/active_record/connection_adapters/mysql_adapter.rb:589:in `real_connect'
    /home/hariis/railsapps/afford/vendor/rails/activerecord/lib/active_record/connection_adapters/mysql_adapter.rb:589:in `connect'
    /home/hariis/railsapps/afford/vendor/rails/activerecord/lib/active_record/connection_adapters/mysql_adapter.rb:203:in `initialize'
    /home/hariis/railsapps/afford/vendor/rails/activerecord/lib/active_record/connection_adapters/mysql_adapter.rb:75:in `new'
    /home/hariis/railsapps/afford/vendor/rails/activerecord/lib/active_record/connection_adapters/mysql_adapter.rb:75:in `mysql_connection'
    /home/hariis/railsapps/afford/vendor/rails/activerecord/lib/active_record/connection_adapters/abstract/connection_pool.rb:223:in `send'
    /home/hariis/railsapps/afford/vendor/rails/activerecord/lib/active_record/connection_adapters/abstract/connection_pool.rb:223:in `new_connection'
    /home/hariis/railsapps/afford/vendor/rails/activerecord/lib/active_record/connection_adapters/abstract/connection_pool.rb:245:in `checkout_new_connection'
    /home/hariis/railsapps/afford/vendor/rails/activerecord/lib/active_record/connection_adapters/abstract/connection_pool.rb:188:in `checkout'
    /home/hariis/railsapps/afford/vendor/rails/activerecord/lib/active_record/connection_adapters/abstract/connection_pool.rb:184:in `loop'
    /home/hariis/railsapps/afford/vendor/rails/activerecord/lib/active_record/connection_adapters/abstract/connection_pool.rb:184:in `checkout'
    /usr/lib/ruby/1.8/monitor.rb:242:in `synchronize'
    /home/hariis/railsapps/afford/vendor/rails/activerecord/lib/active_record/connection_adapters/abstract/connection_pool.rb:183:in `checkout'
    /home/hariis/railsapps/afford/vendor/rails/activerecord/lib/active_record/connection_adapters/abstract/connection_pool.rb:98:in `connection'
    /home/hariis/railsapps/afford/vendor/rails/activerecord/lib/active_record/connection_adapters/abstract/connection_pool.rb:326:in `retrieve_connection'
    /home/hariis/railsapps/afford/vendor/rails/activerecord/lib/active_record/connection_adapters/abstract/connection_specification.rb:123:in `retrieve_connection'
    /home/hariis/railsapps/afford/vendor/rails/activerecord/lib/active_record/connection_adapters/abstract/connection_specification.rb:115:in `connection'
    /home/hariis/railsapps/afford/vendor/rails/activerecord/lib/active_record/query_cache.rb:9:in `cache'
    /home/hariis/railsapps/afford/vendor/rails/activerecord/lib/active_record/query_cache.rb:28:in `call'
    /home/hariis/railsapps/afford/vendor/rails/activerecord/lib/active_record/connection_adapters/abstract/connection_pool.rb:361:in `call'
    /home/hariis/railsapps/afford/vendor/rails/actionpack/lib/action_controller/failsafe.rb:26:in `call'
    /usr/lib/ruby/gems/1.8/gems/rack-1.0.1/lib/rack/lock.rb:11:in `call'
    /usr/lib/ruby/gems/1.8/gems/rack-1.0.1/lib/rack/lock.rb:11:in `synchronize'
    /usr/lib/ruby/gems/1.8/gems/rack-1.0.1/lib/rack/lock.rb:11:in `call'
    /home/hariis/railsapps/afford/vendor/rails/actionpack/lib/action_controller/dispatcher.rb:114:in `call'
    /home/hariis/railsapps/afford/vendor/rails/actionpack/lib/action_controller/reloader.rb:34:in `run'
    /home/hariis/railsapps/afford/vendor/rails/actionpack/lib/action_controller/dispatcher.rb:108:in `call'
    /home/hariis/railsapps/afford/vendor/rails/railties/lib/rails/rack/static.rb:31:in `call'
    /usr/lib/ruby/gems/1.8/gems/rack-1.0.1/lib/rack/urlmap.rb:46:in `call'
    /usr/lib/ruby/gems/1.8/gems/rack-1.0.1/lib/rack/urlmap.rb:40:in `each'
    /usr/lib/ruby/gems/1.8/gems/rack-1.0.1/lib/rack/urlmap.rb:40:in `call'
    /home/hariis/railsapps/afford/vendor/rails/railties/lib/rails/rack/log_tailer.rb:17:in `call'
    /usr/lib/ruby/gems/1.8/gems/rack-1.0.1/lib/rack/content_length.rb:13:in `call'
    /usr/lib/ruby/gems/1.8/gems/rack-1.0.1/lib/rack/chunked.rb:15:in `call'
    /usr/lib/ruby/gems/1.8/gems/rack-1.0.1/lib/rack/handler/mongrel.rb:64:in `process'
    /usr/lib/ruby/gems/1.8/gems/mongrel-1.1.5/lib/mongrel.rb:159:in `process_client'
    /usr/lib/ruby/gems/1.8/gems/mongrel-1.1.5/lib/mongrel.rb:158:in `each'
    /usr/lib/ruby/gems/1.8/gems/mongrel-1.1.5/lib/mongrel.rb:158:in `process_client'
    /usr/lib/ruby/gems/1.8/gems/mongrel-1.1.5/lib/mongrel.rb:285:in `run'
    /usr/lib/ruby/gems/1.8/gems/mongrel-1.1.5/lib/mongrel.rb:285:in `initialize'
    /usr/lib/ruby/gems/1.8/gems/mongrel-1.1.5/lib/mongrel.rb:285:in `new'
    /usr/lib/ruby/gems/1.8/gems/mongrel-1.1.5/lib/mongrel.rb:285:in `run'
    /usr/lib/ruby/gems/1.8/gems/mongrel-1.1.5/lib/mongrel.rb:268:in `initialize'
    /usr/lib/ruby/gems/1.8/gems/mongrel-1.1.5/lib/mongrel.rb:268:in `new'
    /usr/lib/ruby/gems/1.8/gems/mongrel-1.1.5/lib/mongrel.rb:268:in `run'
    /usr/lib/ruby/gems/1.8/gems/rack-1.0.1/lib/rack/handler/mongrel.rb:34:in `run'
    /home/hariis/railsapps/afford/vendor/rails/railties/lib/commands/server.rb:111
    /usr/local/lib/site_ruby/1.8/rubygems/custom_require.rb:31:in `gem_original_require'
    /usr/local/lib/site_ruby/1.8/rubygems/custom_require.rb:31:in `require'
    ./script/server:3
    /usr/lib/ruby/gems/1.8/gems/ruby-debug-ide-0.4.9/lib/ruby-debug-ide.rb:109:in `debug_load'
    /usr/lib/ruby/gems/1.8/gems/ruby-debug-ide-0.4.9/lib/ruby-debug-ide.rb:109:in `debug_program'
    /usr/lib/ruby/gems/1.8/gems/ruby-debug-ide-0.4.9/bin/rdebug-ide:87
    /usr/bin/rdebug-ide:19:in `load'
    /usr/bin/rdebug-ide:19
/!\ FAILSAFE /!\  Tue Oct 19 00:14:28 -0700 2010
  Status: 500 Internal Server Error
  Access denied for user 'root'@'localhost' (using password: NO)
    /home/hariis/railsapps/afford/vendor/rails/activerecord/lib/active_record/connection_adapters/mysql_adapter.rb:589:in `real_connect'
    /home/hariis/railsapps/afford/vendor/rails/activerecord/lib/active_record/connection_adapters/mysql_adapter.rb:589:in `connect'
    /home/hariis/railsapps/afford/vendor/rails/activerecord/lib/active_record/connection_adapters/mysql_adapter.rb:203:in `initialize'
    /home/hariis/railsapps/afford/vendor/rails/activerecord/lib/active_record/connection_adapters/mysql_adapter.rb:75:in `new'
    /home/hariis/railsapps/afford/vendor/rails/activerecord/lib/active_record/connection_adapters/mysql_adapter.rb:75:in `mysql_connection'
    /home/hariis/railsapps/afford/vendor/rails/activerecord/lib/active_record/connection_adapters/abstract/connection_pool.rb:223:in `send'
    /home/hariis/railsapps/afford/vendor/rails/activerecord/lib/active_record/connection_adapters/abstract/connection_pool.rb:223:in `new_connection'
    /home/hariis/railsapps/afford/vendor/rails/activerecord/lib/active_record/connection_adapters/abstract/connection_pool.rb:245:in `checkout_new_connection'
    /home/hariis/railsapps/afford/vendor/rails/activerecord/lib/active_record/connection_adapters/abstract/connection_pool.rb:188:in `checkout'
    /home/hariis/railsapps/afford/vendor/rails/activerecord/lib/active_record/connection_adapters/abstract/connection_pool.rb:184:in `loop'
    /home/hariis/railsapps/afford/vendor/rails/activerecord/lib/active_record/connection_adapters/abstract/connection_pool.rb:184:in `checkout'
    /usr/lib/ruby/1.8/monitor.rb:242:in `synchronize'
    /home/hariis/railsapps/afford/vendor/rails/activerecord/lib/active_record/connection_adapters/abstract/connection_pool.rb:183:in `checkout'
    /home/hariis/railsapps/afford/vendor/rails/activerecord/lib/active_record/connection_adapters/abstract/connection_pool.rb:98:in `connection'
    /home/hariis/railsapps/afford/vendor/rails/activerecord/lib/active_record/connection_adapters/abstract/connection_pool.rb:326:in `retrieve_connection'
    /home/hariis/railsapps/afford/vendor/rails/activerecord/lib/active_record/connection_adapters/abstract/connection_specification.rb:123:in `retrieve_connection'
    /home/hariis/railsapps/afford/vendor/rails/activerecord/lib/active_record/connection_adapters/abstract/connection_specification.rb:115:in `connection'
    /home/hariis/railsapps/afford/vendor/rails/activerecord/lib/active_record/query_cache.rb:9:in `cache'
    /home/hariis/railsapps/afford/vendor/rails/activerecord/lib/active_record/query_cache.rb:28:in `call'
    /home/hariis/railsapps/afford/vendor/rails/activerecord/lib/active_record/connection_adapters/abstract/connection_pool.rb:361:in `call'
    /home/hariis/railsapps/afford/vendor/rails/actionpack/lib/action_controller/failsafe.rb:26:in `call'
    /usr/lib/ruby/gems/1.8/gems/rack-1.0.1/lib/rack/lock.rb:11:in `call'
    /usr/lib/ruby/gems/1.8/gems/rack-1.0.1/lib/rack/lock.rb:11:in `synchronize'
    /usr/lib/ruby/gems/1.8/gems/rack-1.0.1/lib/rack/lock.rb:11:in `call'
    /home/hariis/railsapps/afford/vendor/rails/actionpack/lib/action_controller/dispatcher.rb:114:in `call'
    /home/hariis/railsapps/afford/vendor/rails/actionpack/lib/action_controller/reloader.rb:34:in `run'
    /home/hariis/railsapps/afford/vendor/rails/actionpack/lib/action_controller/dispatcher.rb:108:in `call'
    /home/hariis/railsapps/afford/vendor/rails/railties/lib/rails/rack/static.rb:31:in `call'
    /usr/lib/ruby/gems/1.8/gems/rack-1.0.1/lib/rack/urlmap.rb:46:in `call'
    /usr/lib/ruby/gems/1.8/gems/rack-1.0.1/lib/rack/urlmap.rb:40:in `each'
    /usr/lib/ruby/gems/1.8/gems/rack-1.0.1/lib/rack/urlmap.rb:40:in `call'
    /home/hariis/railsapps/afford/vendor/rails/railties/lib/rails/rack/log_tailer.rb:17:in `call'
    /usr/lib/ruby/gems/1.8/gems/rack-1.0.1/lib/rack/content_length.rb:13:in `call'
    /usr/lib/ruby/gems/1.8/gems/rack-1.0.1/lib/rack/chunked.rb:15:in `call'
    /usr/lib/ruby/gems/1.8/gems/rack-1.0.1/lib/rack/handler/mongrel.rb:64:in `process'
    /usr/lib/ruby/gems/1.8/gems/mongrel-1.1.5/lib/mongrel.rb:159:in `process_client'
    /usr/lib/ruby/gems/1.8/gems/mongrel-1.1.5/lib/mongrel.rb:158:in `each'
    /usr/lib/ruby/gems/1.8/gems/mongrel-1.1.5/lib/mongrel.rb:158:in `process_client'
    /usr/lib/ruby/gems/1.8/gems/mongrel-1.1.5/lib/mongrel.rb:285:in `run'
    /usr/lib/ruby/gems/1.8/gems/mongrel-1.1.5/lib/mongrel.rb:285:in `initialize'
    /usr/lib/ruby/gems/1.8/gems/mongrel-1.1.5/lib/mongrel.rb:285:in `new'
    /usr/lib/ruby/gems/1.8/gems/mongrel-1.1.5/lib/mongrel.rb:285:in `run'
    /usr/lib/ruby/gems/1.8/gems/mongrel-1.1.5/lib/mongrel.rb:268:in `initialize'
    /usr/lib/ruby/gems/1.8/gems/mongrel-1.1.5/lib/mongrel.rb:268:in `new'
    /usr/lib/ruby/gems/1.8/gems/mongrel-1.1.5/lib/mongrel.rb:268:in `run'
    /usr/lib/ruby/gems/1.8/gems/rack-1.0.1/lib/rack/handler/mongrel.rb:34:in `run'
    /home/hariis/railsapps/afford/vendor/rails/railties/lib/commands/server.rb:111
    /usr/local/lib/site_ruby/1.8/rubygems/custom_require.rb:31:in `gem_original_require'
    /usr/local/lib/site_ruby/1.8/rubygems/custom_require.rb:31:in `require'
    ./script/server:3
    /usr/lib/ruby/gems/1.8/gems/ruby-debug-ide-0.4.9/lib/ruby-debug-ide.rb:109:in `debug_load'
    /usr/lib/ruby/gems/1.8/gems/ruby-debug-ide-0.4.9/lib/ruby-debug-ide.rb:109:in `debug_program'
    /usr/lib/ruby/gems/1.8/gems/ruby-debug-ide-0.4.9/bin/rdebug-ide:87
    /usr/bin/rdebug-ide:19:in `load'
    /usr/bin/rdebug-ide:19
  [4;36;1mSQL (0.1ms)[0m   [0;1mSET NAMES 'utf8'[0m
  [4;35;1mSQL (0.1ms)[0m   [0mSET SQL_AUTO_IS_NULL=0[0m


Processing QuestionsController#index (for 127.0.0.1 at 2010-10-19 00:16:16) [GET]
  Parameters: {"action"=>"index", "controller"=>"questions"}
  [4;36;1mQuestion Load (0.4ms)[0m   [0;1mSELECT * FROM `questions` ORDER BY created_at DESC[0m
Rendering template within layouts/application
Rendering questions/index
  [4;35;1mUser Columns (0.8ms)[0m   [0mSHOW FIELDS FROM `users`[0m
  [4;36;1mUser Load (0.3ms)[0m   [0;1mSELECT * FROM `users` WHERE (`users`.`persistence_token` = '63b3f9197767acc61044c3aff69dda1b1e35e53396a9260cb442d86d224bd8af07e0a1e5f0f825794d6131131bf2384f288bccd95cf4b6bec2d2281f275224a9') LIMIT 1[0m
Completed in 105ms (View: 78, DB: 3) | 200 OK [http://localhost/]
  [4;35;1mSQL (0.1ms)[0m   [0mSET NAMES 'utf8'[0m
  [4;36;1mSQL (0.1ms)[0m   [0;1mSET SQL_AUTO_IS_NULL=0[0m


Processing QuestionsController#new (for 127.0.0.1 at 2010-10-19 00:21:43) [GET]
  Parameters: {"action"=>"new", "controller"=>"questions"}
  [4;35;1mUser Columns (0.8ms)[0m   [0mSHOW FIELDS FROM `users`[0m
  [4;36;1mUser Load (0.1ms)[0m   [0;1mSELECT * FROM `users` WHERE (`users`.`persistence_token` = '63b3f9197767acc61044c3aff69dda1b1e35e53396a9260cb442d86d224bd8af07e0a1e5f0f825794d6131131bf2384f288bccd95cf4b6bec2d2281f275224a9') LIMIT 1[0m
  [4;35;1mQuestion Columns (1.0ms)[0m   [0mSHOW FIELDS FROM `questions`[0m
Rendering template within layouts/application
Rendering questions/new
Rendered questions/_personal_item_field (8.8ms)
Rendered questions/_question (24.4ms)
Completed in 86ms (View: 42, DB: 3) | 200 OK [http://localhost/questions/new]
  [4;36;1mSQL (0.1ms)[0m   [0;1mSET NAMES 'utf8'[0m
  [4;35;1mSQL (0.1ms)[0m   [0mSET SQL_AUTO_IS_NULL=0[0m


Processing QuestionsController#step1 (for 127.0.0.1 at 2010-10-19 00:21:55) [POST]
  Parameters: {"commit"=>"Next >", "action"=>"step1", "authenticity_token"=>"O1s0H5M1jIIlcMgWHlkLUB+xEOx1itZcT1vqm8bn4t4=", "controller"=>"questions", "question"=>{"reason_to_buy"=>"1", "recurring_item_cost"=>"0", "item_name"=>"Car", "nick_name"=>"zen", "item_cost"=>"20000", "age"=>"35"}}
  [4;36;1mQuestion Columns (0.9ms)[0m   [0;1mSHOW FIELDS FROM `questions`[0m
Redirected to http://localhost:3000/financials/new
Completed in 25ms (DB: 2) | 302 Found [http://localhost/questions/step1]
  [4;35;1mSQL (0.1ms)[0m   [0mSET NAMES 'utf8'[0m
  [4;36;1mSQL (0.1ms)[0m   [0;1mSET SQL_AUTO_IS_NULL=0[0m


Processing FinancialsController#new (for 127.0.0.1 at 2010-10-19 00:21:55) [GET]
  Parameters: {"action"=>"new", "controller"=>"financials"}
  [4;35;1mUser Columns (0.8ms)[0m   [0mSHOW FIELDS FROM `users`[0m
  [4;36;1mUser Load (0.1ms)[0m   [0;1mSELECT * FROM `users` WHERE (`users`.`persistence_token` = '63b3f9197767acc61044c3aff69dda1b1e35e53396a9260cb442d86d224bd8af07e0a1e5f0f825794d6131131bf2384f288bccd95cf4b6bec2d2281f275224a9') LIMIT 1[0m
  [4;35;1mFinancial Columns (1.2ms)[0m   [0mSHOW FIELDS FROM `financials`[0m
Rendering template within layouts/application
Rendering financials/new
Rendered financials/_financial_field (22.4ms)
Rendered financials/_financial (37.8ms)
Completed in 183ms (View: 59, DB: 3) | 200 OK [http://localhost/financials/new]
  [4;36;1mSQL (0.1ms)[0m   [0;1mSET NAMES 'utf8'[0m
  [4;35;1mSQL (0.1ms)[0m   [0mSET SQL_AUTO_IS_NULL=0[0m


Processing FinancialsController#step2 (for 127.0.0.1 at 2010-10-19 00:22:09) [POST]
  Parameters: {"commit"=>"Next >", "financial"=>{"cc_interest_rate"=>"0", "cc_debt"=>"0", "investments"=>"0", "net_income"=>"50000", "retirement_savings"=>"0", "mortage_payment"=>"0", "total_expenses"=>"4000", "monthly_retirement_contribution"=>"0", "car_loan_payment"=>"0", "deferred_loan_amount"=>"0", "student_loan_payment"=>"0", "other_loan_payment"=>"0", "gross_income"=>"8000", "liquid_assets"=>"20000"}, "action"=>"step2", "authenticity_token"=>"O1s0H5M1jIIlcMgWHlkLUB+xEOx1itZcT1vqm8bn4t4=", "controller"=>"financials"}
  [4;36;1mFinancial Columns (1.0ms)[0m   [0;1mSHOW FIELDS FROM `financials`[0m
Rendering template within layouts/application
Rendering financials/new
  [4;35;1mUser Columns (0.7ms)[0m   [0mSHOW FIELDS FROM `users`[0m
  [4;36;1mUser Load (0.1ms)[0m   [0;1mSELECT * FROM `users` WHERE (`users`.`persistence_token` = '63b3f9197767acc61044c3aff69dda1b1e35e53396a9260cb442d86d224bd8af07e0a1e5f0f825794d6131131bf2384f288bccd95cf4b6bec2d2281f275224a9') LIMIT 1[0m
Rendered financials/_financial_field (17.0ms)
Rendered financials/_financial (22.3ms)
Completed in 89ms (View: 55, DB: 2) | 200 OK [http://localhost/financials/step2]
  [4;35;1mSQL (0.2ms)[0m   [0mSET NAMES 'utf8'[0m
  [4;36;1mSQL (0.1ms)[0m   [0;1mSET SQL_AUTO_IS_NULL=0[0m


Processing FinancialsController#step2 (for 127.0.0.1 at 2010-10-19 00:22:15) [POST]
  Parameters: {"commit"=>"Next >", "financial"=>{"cc_interest_rate"=>"0", "cc_debt"=>"0", "investments"=>"0", "net_income"=>"5000", "retirement_savings"=>"0", "mortage_payment"=>"0", "total_expenses"=>"4000", "monthly_retirement_contribution"=>"0", "car_loan_payment"=>"0", "deferred_loan_amount"=>"0", "student_loan_payment"=>"0", "other_loan_payment"=>"0", "gross_income"=>"8000", "liquid_assets"=>"20000"}, "action"=>"step2", "authenticity_token"=>"O1s0H5M1jIIlcMgWHlkLUB+xEOx1itZcT1vqm8bn4t4=", "controller"=>"financials"}
  [4;35;1mFinancial Columns (1.0ms)[0m   [0mSHOW FIELDS FROM `financials`[0m
Redirected to http://localhost:3000/questions/payment_mode
Completed in 37ms (DB: 2) | 302 Found [http://localhost/financials/step2]
  [4;36;1mSQL (0.1ms)[0m   [0;1mSET NAMES 'utf8'[0m
  [4;35;1mSQL (0.1ms)[0m   [0mSET SQL_AUTO_IS_NULL=0[0m


Processing QuestionsController#payment_mode (for 127.0.0.1 at 2010-10-19 00:22:15) [GET]
  Parameters: {"action"=>"payment_mode", "controller"=>"questions"}
  [4;36;1mQuestion Columns (1.1ms)[0m   [0;1mSHOW FIELDS FROM `questions`[0m
Rendering template within layouts/application
Rendering questions/payment_mode
Rendered questions/_payment_mode_field (10.6ms)
  [4;35;1mUser Columns (0.8ms)[0m   [0mSHOW FIELDS FROM `users`[0m
  [4;36;1mUser Load (0.1ms)[0m   [0;1mSELECT * FROM `users` WHERE (`users`.`persistence_token` = '63b3f9197767acc61044c3aff69dda1b1e35e53396a9260cb442d86d224bd8af07e0a1e5f0f825794d6131131bf2384f288bccd95cf4b6bec2d2281f275224a9') LIMIT 1[0m
Completed in 101ms (View: 66, DB: 3) | 200 OK [http://localhost/questions/payment_mode]
  [4;35;1mSQL (0.1ms)[0m   [0mSET NAMES 'utf8'[0m
  [4;36;1mSQL (0.1ms)[0m   [0;1mSET SQL_AUTO_IS_NULL=0[0m


Processing QuestionsController#step3 (for 127.0.0.1 at 2010-10-19 00:22:32) [POST]
  Parameters: {"commit"=>"Submit", "action"=>"step3", "authenticity_token"=>"O1s0H5M1jIIlcMgWHlkLUB+xEOx1itZcT1vqm8bn4t4=", "controller"=>"questions", "question"=>{"pm_investment"=>"0", "pm_financing_amount"=>"500", "pm_investment_amount"=>"0", "pm_saving_amount"=>"10000", "pm_saving"=>"1", "pm_financing"=>"1"}}
  [4;35;1mQuestion Columns (1.1ms)[0m   [0mSHOW FIELDS FROM `questions`[0m
Redirected to http://localhost:3000/financials/final
Completed in 101ms (DB: 2) | 302 Found [http://localhost/questions/step3]
  [4;36;1mSQL (0.1ms)[0m   [0;1mSET NAMES 'utf8'[0m
  [4;35;1mSQL (0.1ms)[0m   [0mSET SQL_AUTO_IS_NULL=0[0m


Processing FinancialsController#final (for 127.0.0.1 at 2010-10-19 00:22:32) [GET]
  Parameters: {"action"=>"final", "controller"=>"financials"}
  [4;36;1mQuestion Columns (1.1ms)[0m   [0;1mSHOW FIELDS FROM `questions`[0m
  [4;35;1mFinancial Columns (0.9ms)[0m   [0mSHOW FIELDS FROM `financials`[0m
  [4;36;1mSQL (0.1ms)[0m   [0;1mBEGIN[0m
  [4;35;1mFinancial Create (0.2ms)[0m   [0mINSERT INTO `financials` (`cc_interest_rate`, `cc_debt`, `created_at`, `investments`, `net_income`, `updated_at`, `retirement_savings`, `mortage_payment`, `total_expenses`, `monthly_retirement_contribution`, `car_loan_payment`, `user_id`, `deferred_loan_amount`, `student_loan_payment`, `other_loan_payment`, `gross_income`, `liquid_assets`) VALUES(0, 0, '2010-10-19 07:22:32', 0, 5000, '2010-10-19 07:22:32', 0, 0, 4000, 0, 0, NULL, 0, 0, 0, 8000, 20000)[0m
  [4;36;1mSQL (17.0ms)[0m   [0;1mCOMMIT[0m
  [4;35;1mSQL (0.1ms)[0m   [0mBEGIN[0m
  [4;36;1mQuestion Create (0.4ms)[0m   [0;1mINSERT INTO `questions` (`reason_to_buy`, `created_at`, `expert_verdict`, `tos`, `recurring_item_cost`, `pm_investment`, `updated_at`, `expert_details`, `pm_investment_amount`, `pm_financing_amount`, `item_name`, `financial_id`, `user_id`, `item_cost`, `nick_name`, `pm_saving_amount`, `pm_saving`, `age`, `pm_financing`) VALUES(1, '2010-10-19 07:22:32', NULL, 0, 0, 0, '2010-10-19 07:22:32', NULL, 0, 500, 'Car', 1, NULL, 20000, 'zen', 10000, 1, 35, 1)[0m
  [4;35;1mSQL (24.3ms)[0m   [0mCOMMIT[0m
Redirected to http://localhost:3000/financials/capture_additional_data/1
Completed in 99ms (DB: 45) | 302 Found [http://localhost/financials/final]
  [4;36;1mSQL (0.1ms)[0m   [0;1mSET NAMES 'utf8'[0m
  [4;35;1mSQL (0.1ms)[0m   [0mSET SQL_AUTO_IS_NULL=0[0m


Processing FinancialsController#capture_additional_data (for 127.0.0.1 at 2010-10-19 00:22:32) [GET]
  Parameters: {"action"=>"capture_additional_data", "id"=>"1", "controller"=>"financials"}
  [4;36;1mQuestion Columns (1.1ms)[0m   [0;1mSHOW FIELDS FROM `questions`[0m
  [4;35;1mQuestion Load (0.3ms)[0m   [0mSELECT * FROM `questions` WHERE (`questions`.`id` = 1) [0m
  [4;36;1mUser Columns (0.7ms)[0m   [0;1mSHOW FIELDS FROM `users`[0m
  [4;35;1mUser Load (0.1ms)[0m   [0mSELECT * FROM `users` WHERE (`users`.`persistence_token` = '63b3f9197767acc61044c3aff69dda1b1e35e53396a9260cb442d86d224bd8af07e0a1e5f0f825794d6131131bf2384f288bccd95cf4b6bec2d2281f275224a9') LIMIT 1[0m
Rendering template within layouts/application
Rendering financials/capture_additional_data
Completed in 66ms (View: 23, DB: 3) | 200 OK [http://localhost/financials/capture_additional_data/1]
  [4;36;1mSQL (0.1ms)[0m   [0;1mSET NAMES 'utf8'[0m
  [4;35;1mSQL (0.1ms)[0m   [0mSET SQL_AUTO_IS_NULL=0[0m


Processing FinancialsController#create_account (for 127.0.0.1 at 2010-10-19 00:22:36) [POST]
  Parameters: {"action"=>"create_account", "authenticity_token"=>"O1s0H5M1jIIlcMgWHlkLUB+xEOx1itZcT1vqm8bn4t4=", "id"=>"1", "nick_name"=>"zen", "controller"=>"financials", "password"=>"[FILTERED]"}
  [4;36;1mQuestion Columns (1.2ms)[0m   [0;1mSHOW FIELDS FROM `questions`[0m
  [4;35;1mQuestion Load (0.1ms)[0m   [0mSELECT * FROM `questions` WHERE (`questions`.`id` = 1) [0m
  [4;36;1mUser Columns (0.8ms)[0m   [0;1mSHOW FIELDS FROM `users`[0m
  [4;35;1mSQL (0.1ms)[0m   [0mBEGIN[0m
  [4;36;1mUser Load (0.4ms)[0m   [0;1mSELECT `users`.id FROM `users` WHERE (LOWER(`users`.`username`) = BINARY 'zen') LIMIT 1[0m
  [4;35;1mUser Load (0.3ms)[0m   [0mSELECT `users`.id FROM `users` WHERE (`users`.`persistence_token` = BINARY '7417df746a28f610d996a9447f004f94b156c7ed152bf268b610112056551e57d79df9ddfdfc80229f9e7e86ae98ffb0abc0e765c1fe872f1008c74eb047aed0') LIMIT 1[0m
  [4;36;1mUser Load (0.3ms)[0m   [0;1mSELECT * FROM `users` WHERE (`users`.`persistence_token` = '63b3f9197767acc61044c3aff69dda1b1e35e53396a9260cb442d86d224bd8af07e0a1e5f0f825794d6131131bf2384f288bccd95cf4b6bec2d2281f275224a9') LIMIT 1[0m
  [4;35;1mUser Create (0.3ms)[0m   [0mINSERT INTO `users` (`created_at`, `crypted_password`, `updated_at`, `username`, `password_salt`, `persistence_token`, `email`) VALUES('2010-10-19 07:22:37', '6a51097f9d0af9f939a5cfc44658b1517cf3ea007d3ee9c0afa698a83083818494694ed4fbeab6e9599fcf1c760e8747f1e0edb04ab9712a55e5755b88242da0', '2010-10-19 07:22:37', 'zen', 'FrQkhtKMgo-c7H26hgyM', '7417df746a28f610d996a9447f004f94b156c7ed152bf268b610112056551e57d79df9ddfdfc80229f9e7e86ae98ffb0abc0e765c1fe872f1008c74eb047aed0', NULL)[0m
  [4;36;1mSQL (20.0ms)[0m   [0;1mCOMMIT[0m
  [4;35;1mSQL (0.1ms)[0m   [0mBEGIN[0m
  [4;36;1mSQL (0.1ms)[0m   [0;1mCOMMIT[0m
  [4;35;1mSQL (0.1ms)[0m   [0mBEGIN[0m
  [4;36;1mQuestion Update (0.4ms)[0m   [0;1mUPDATE `questions` SET `updated_at` = '2010-10-19 07:22:37', `user_id` = 1 WHERE `id` = 1[0m
  [4;35;1mSQL (28.3ms)[0m   [0mCOMMIT[0m
  [4;36;1mFinancial Columns (0.9ms)[0m   [0;1mSHOW FIELDS FROM `financials`[0m
  [4;35;1mFinancial Load (0.3ms)[0m   [0mSELECT * FROM `financials` WHERE (`financials`.`id` = 1) [0m
  [4;36;1mSQL (0.1ms)[0m   [0;1mBEGIN[0m
  [4;35;1mFinancial Update (0.3ms)[0m   [0mUPDATE `financials` SET `updated_at` = '2010-10-19 07:22:37', `user_id` = 1 WHERE `id` = 1[0m
  [4;36;1mSQL (51.5ms)[0m   [0;1mCOMMIT[0m
  [4;35;1mUser Load (0.5ms)[0m   [0mSELECT * FROM `users` WHERE (`users`.`persistence_token` = '7417df746a28f610d996a9447f004f94b156c7ed152bf268b610112056551e57d79df9ddfdfc80229f9e7e86ae98ffb0abc0e765c1fe872f1008c74eb047aed0') LIMIT 1[0m
Redirected to http://localhost:3000/questions/get_expert_verdict/1
Completed in 433ms (DB: 106) | 302 Found [http://localhost/financials/create_account/1]
  [4;36;1mSQL (0.1ms)[0m   [0;1mSET NAMES 'utf8'[0m
  [4;35;1mSQL (0.1ms)[0m   [0mSET SQL_AUTO_IS_NULL=0[0m


Processing QuestionsController#get_expert_verdict (for 127.0.0.1 at 2010-10-19 00:22:37) [GET]
  Parameters: {"action"=>"get_expert_verdict", "id"=>"1", "controller"=>"questions"}
  [4;36;1mQuestion Columns (1.2ms)[0m   [0;1mSHOW FIELDS FROM `questions`[0m
  [4;35;1mQuestion Load (0.3ms)[0m   [0mSELECT * FROM `questions` WHERE (`questions`.`id` = 1) [0m
  [4;36;1mFinancial Columns (0.9ms)[0m   [0;1mSHOW FIELDS FROM `financials`[0m
  [4;35;1mFinancial Load (0.3ms)[0m   [0mSELECT * FROM `financials` WHERE (`financials`.`id` = 1) [0m
  [4;36;1mSQL (0.1ms)[0m   [0;1mBEGIN[0m
  [4;35;1mQuestion Update (0.3ms)[0m   [0mUPDATE `questions` SET `updated_at` = '2010-10-19 07:22:37', `expert_verdict` = 0 WHERE `id` = 1[0m
  [4;36;1mSQL (19.8ms)[0m   [0;1mCOMMIT[0m
  [4;35;1mSQL (0.1ms)[0m   [0mBEGIN[0m
  [4;36;1mQuestion Update (0.5ms)[0m   [0;1mUPDATE `questions` SET `updated_at` = '2010-10-19 07:22:37', `expert_details` = '<span style=color:green;>Your Total monthly expenses will be $4500 after the purchase which will still be within your Net income. Good.</span><br/><span style=color:green;>Your have no <b>Credit card debt</b> which is good.</span><br/><span style=color:red;>You don\'t have sufficient <b>Liquid assets / Savings</b> to cover for your emergency fund. Recommeded is 6 times your total monthly expenses.</span><br/><span style=color:red;>Based on your income, your $0 monthly contribution towards retirement is very less.</span><br/><span style=color:green;>Your have no <b>Deferred loans</b> which is good. </span><br/><span style=color:green;>Your <b>Total Loan Payments</b> are less than 36% of your Gross income which is sound.</span><br/>' WHERE `id` = 1[0m
  [4;35;1mSQL (32.9ms)[0m   [0mCOMMIT[0m
Rendering template within layouts/application
Rendering questions/get_expert_verdict
  [4;36;1mUser Columns (0.8ms)[0m   [0;1mSHOW FIELDS FROM `users`[0m
Completed in 171ms (View: 60, DB: 58) | 200 OK [http://localhost/questions/get_expert_verdict/1]
  [4;35;1mSQL (0.1ms)[0m   [0mSET NAMES 'utf8'[0m
  [4;36;1mSQL (0.1ms)[0m   [0;1mSET SQL_AUTO_IS_NULL=0[0m


Processing ApplicationController#index (for 127.0.0.1 at 2010-10-19 00:22:37) [GET]

ActionController::RoutingError (No route matches "/stylesheets/images/ui-bg_highlight-soft_33_3a8104_1x100.png" with {:method=>:get}):
  /usr/lib/ruby/gems/1.8/gems/ruby-debug-ide-0.4.9/lib/ruby-debug-ide.rb:109:in `debug_load'
  /usr/lib/ruby/gems/1.8/gems/ruby-debug-ide-0.4.9/lib/ruby-debug-ide.rb:109:in `debug_program'
  /usr/lib/ruby/gems/1.8/gems/ruby-debug-ide-0.4.9/bin/rdebug-ide:87
  /usr/bin/rdebug-ide:19:in `load'
  /usr/bin/rdebug-ide:19

Rendering rescues/layout (not_found)
  [4;35;1mSQL (0.1ms)[0m   [0mSET NAMES 'utf8'[0m
  [4;36;1mSQL (0.1ms)[0m   [0;1mSET SQL_AUTO_IS_NULL=0[0m


Processing ApplicationController#index (for 127.0.0.1 at 2010-10-19 00:22:37) [GET]

ActionController::RoutingError (No route matches "/stylesheets/images/ui-bg_highlight-hard_30_285c00_1x100.png" with {:method=>:get}):
  /usr/lib/ruby/gems/1.8/gems/ruby-debug-ide-0.4.9/lib/ruby-debug-ide.rb:109:in `debug_load'
  /usr/lib/ruby/gems/1.8/gems/ruby-debug-ide-0.4.9/lib/ruby-debug-ide.rb:109:in `debug_program'
  /usr/lib/ruby/gems/1.8/gems/ruby-debug-ide-0.4.9/bin/rdebug-ide:87
  /usr/bin/rdebug-ide:19:in `load'
  /usr/bin/rdebug-ide:19

Rendering rescues/layout (not_found)
  [4;35;1mSQL (0.1ms)[0m   [0mSET NAMES 'utf8'[0m
  [4;36;1mSQL (0.1ms)[0m   [0;1mSET SQL_AUTO_IS_NULL=0[0m


Processing ApplicationController#index (for 127.0.0.1 at 2010-10-19 00:22:37) [GET]

ActionController::RoutingError (No route matches "/stylesheets/images/ui-bg_highlight-soft_60_4ca20b_1x100.png" with {:method=>:get}):
  /usr/lib/ruby/gems/1.8/gems/ruby-debug-ide-0.4.9/lib/ruby-debug-ide.rb:109:in `debug_load'
  /usr/lib/ruby/gems/1.8/gems/ruby-debug-ide-0.4.9/lib/ruby-debug-ide.rb:109:in `debug_program'
  /usr/lib/ruby/gems/1.8/gems/ruby-debug-ide-0.4.9/bin/rdebug-ide:87
  /usr/bin/rdebug-ide:19:in `load'
  /usr/bin/rdebug-ide:19

Rendering rescues/layout (not_found)
  [4;35;1mSQL (0.1ms)[0m   [0mSET NAMES 'utf8'[0m
  [4;36;1mSQL (0.1ms)[0m   [0;1mSET SQL_AUTO_IS_NULL=0[0m


Processing ApplicationController#index (for 127.0.0.1 at 2010-10-19 00:22:37) [GET]

ActionController::RoutingError (No route matches "/stylesheets/images/ui-bg_inset-soft_10_285c00_1x100.png" with {:method=>:get}):
  /usr/lib/ruby/gems/1.8/gems/ruby-debug-ide-0.4.9/lib/ruby-debug-ide.rb:109:in `debug_load'
  /usr/lib/ruby/gems/1.8/gems/ruby-debug-ide-0.4.9/lib/ruby-debug-ide.rb:109:in `debug_program'
  /usr/lib/ruby/gems/1.8/gems/ruby-debug-ide-0.4.9/bin/rdebug-ide:87
  /usr/bin/rdebug-ide:19:in `load'
  /usr/bin/rdebug-ide:19

Rendering rescues/layout (not_found)
  [4;35;1mSQL (0.1ms)[0m   [0mSET NAMES 'utf8'[0m
  [4;36;1mSQL (0.1ms)[0m   [0;1mSET SQL_AUTO_IS_NULL=0[0m


Processing ApplicationController#index (for 127.0.0.1 at 2010-10-19 00:22:38) [GET]

ActionController::RoutingError (No route matches "/stylesheets/images/ui-bg_highlight-soft_50_4eb305_1x100.png" with {:method=>:get}):
  /usr/lib/ruby/gems/1.8/gems/ruby-debug-ide-0.4.9/lib/ruby-debug-ide.rb:109:in `debug_load'
  /usr/lib/ruby/gems/1.8/gems/ruby-debug-ide-0.4.9/lib/ruby-debug-ide.rb:109:in `debug_program'
  /usr/lib/ruby/gems/1.8/gems/ruby-debug-ide-0.4.9/bin/rdebug-ide:87
  /usr/bin/rdebug-ide:19:in `load'
  /usr/bin/rdebug-ide:19

Rendering rescues/layout (not_found)
  [4;35;1mSQL (0.1ms)[0m   [0mSET NAMES 'utf8'[0m
  [4;36;1mSQL (0.1ms)[0m   [0;1mSET SQL_AUTO_IS_NULL=0[0m


Processing QuestionsController#index (for 127.0.0.1 at 2010-10-19 00:22:39) [GET]
  Parameters: {"action"=>"index", "controller"=>"questions"}
  [4;35;1mQuestion Load (0.4ms)[0m   [0mSELECT * FROM `questions` ORDER BY created_at DESC[0m
Rendering template within layouts/application
Rendering questions/index
Rendered questions/_separator (0.8ms)
  [4;36;1mQuestion Columns (1.5ms)[0m   [0;1mSHOW FIELDS FROM `questions`[0m
Rendered questions/_snippet_body (16.8ms)
  [4;35;1mResponse Columns (0.8ms)[0m   [0mSHOW FIELDS FROM `responses`[0m
  [4;36;1mSQL (0.3ms)[0m   [0;1mSELECT count(*) AS count_all FROM `responses` WHERE (`responses`.question_id = 1) [0m
Rendered questions/_snippet (36.4ms)
  [4;35;1mUser Columns (0.9ms)[0m   [0mSHOW FIELDS FROM `users`[0m
Completed in 98ms (View: 78, DB: 4) | 200 OK [http://localhost/]
  [4;36;1mSQL (0.1ms)[0m   [0;1mSET NAMES 'utf8'[0m
  [4;35;1mSQL (0.1ms)[0m   [0mSET SQL_AUTO_IS_NULL=0[0m


Processing QuestionsController#show (for 127.0.0.1 at 2010-10-19 00:22:50) [GET]
  Parameters: {"action"=>"show", "id"=>"1", "controller"=>"questions"}
  [4;36;1mQuestion Columns (1.1ms)[0m   [0;1mSHOW FIELDS FROM `questions`[0m
  [4;35;1mQuestion Load (0.3ms)[0m   [0mSELECT * FROM `questions` WHERE (`questions`.`id` = 1) [0m
  [4;36;1mFinancial Columns (0.9ms)[0m   [0;1mSHOW FIELDS FROM `financials`[0m
  [4;35;1mFinancial Load (0.1ms)[0m   [0mSELECT * FROM `financials` WHERE (`financials`.`id` = 1) [0m
  [4;36;1mResponse Columns (0.7ms)[0m   [0;1mSHOW FIELDS FROM `responses`[0m
  [4;35;1mUser Columns (0.7ms)[0m   [0mSHOW FIELDS FROM `users`[0m
Rendering template within layouts/application
Rendering questions/show
Rendered questions/_snippet_body (7.4ms)
  [4;36;1mSQL (0.1ms)[0m   [0;1mSELECT count(*) AS count_all FROM `responses` WHERE (`responses`.question_id = 1) [0m
Completed in 205ms (View: 146, DB: 4) | 200 OK [http://localhost/questions/show/1]
  [4;35;1mSQL (0.1ms)[0m   [0mSET NAMES 'utf8'[0m
  [4;36;1mSQL (0.1ms)[0m   [0;1mSET SQL_AUTO_IS_NULL=0[0m


Processing QuestionsController#show (for 127.0.0.1 at 2010-10-19 00:31:52) [GET]
  Parameters: {"action"=>"show", "id"=>"1", "controller"=>"questions"}
  [4;35;1mQuestion Columns (1.0ms)[0m   [0mSHOW FIELDS FROM `questions`[0m
  [4;36;1mQuestion Load (0.1ms)[0m   [0;1mSELECT * FROM `questions` WHERE (`questions`.`id` = 1) [0m
  [4;35;1mFinancial Columns (0.9ms)[0m   [0mSHOW FIELDS FROM `financials`[0m
  [4;36;1mFinancial Load (0.1ms)[0m   [0;1mSELECT * FROM `financials` WHERE (`financials`.`id` = 1) [0m
  [4;35;1mResponse Columns (0.7ms)[0m   [0mSHOW FIELDS FROM `responses`[0m
  [4;36;1mUser Columns (0.7ms)[0m   [0;1mSHOW FIELDS FROM `users`[0m
Rendering template within layouts/application
Rendering questions/show
Rendered questions/_snippet_body (7.5ms)
  [4;35;1mSQL (0.1ms)[0m   [0mSELECT count(*) AS count_all FROM `responses` WHERE (`responses`.question_id = 1) [0m
Completed in 107ms (View: 47, DB: 4) | 200 OK [http://localhost/questions/show/1]
  [4;36;1mSQL (0.1ms)[0m   [0;1mSET NAMES 'utf8'[0m
  [4;35;1mSQL (0.1ms)[0m   [0mSET SQL_AUTO_IS_NULL=0[0m


Processing QuestionsController#show (for 127.0.0.1 at 2010-10-19 00:32:40) [GET]
  Parameters: {"action"=>"show", "id"=>"1", "controller"=>"questions"}
  [4;36;1mQuestion Columns (1.1ms)[0m   [0;1mSHOW FIELDS FROM `questions`[0m
  [4;35;1mQuestion Load (0.1ms)[0m   [0mSELECT * FROM `questions` WHERE (`questions`.`id` = 1) [0m
  [4;36;1mFinancial Columns (0.9ms)[0m   [0;1mSHOW FIELDS FROM `financials`[0m
  [4;35;1mFinancial Load (0.1ms)[0m   [0mSELECT * FROM `financials` WHERE (`financials`.`id` = 1) [0m
  [4;36;1mResponse Columns (0.7ms)[0m   [0;1mSHOW FIELDS FROM `responses`[0m
  [4;35;1mUser Columns (0.8ms)[0m   [0mSHOW FIELDS FROM `users`[0m
Rendering template within layouts/application
Rendering questions/show
Rendered questions/_snippet_body (7.6ms)
  [4;36;1mSQL (0.1ms)[0m   [0;1mSELECT count(*) AS count_all FROM `responses` WHERE (`responses`.question_id = 1) [0m
Completed in 198ms (View: 51, DB: 4) | 200 OK [http://localhost/questions/show/1]
  [4;35;1mSQL (0.1ms)[0m   [0mSET NAMES 'utf8'[0m
  [4;36;1mSQL (0.2ms)[0m   [0;1mSET SQL_AUTO_IS_NULL=0[0m


Processing QuestionsController#show (for 127.0.0.1 at 2010-10-19 00:33:45) [GET]
  Parameters: {"action"=>"show", "id"=>"1", "controller"=>"questions"}
  [4;35;1mQuestion Columns (1.1ms)[0m   [0mSHOW FIELDS FROM `questions`[0m
  [4;36;1mQuestion Load (0.1ms)[0m   [0;1mSELECT * FROM `questions` WHERE (`questions`.`id` = 1) [0m
  [4;35;1mFinancial Columns (1.0ms)[0m   [0mSHOW FIELDS FROM `financials`[0m
  [4;36;1mFinancial Load (0.1ms)[0m   [0;1mSELECT * FROM `financials` WHERE (`financials`.`id` = 1) [0m
  [4;35;1mResponse Columns (0.6ms)[0m   [0mSHOW FIELDS FROM `responses`[0m
  [4;36;1mUser Columns (0.6ms)[0m   [0;1mSHOW FIELDS FROM `users`[0m
Rendering template within layouts/application
Rendering questions/show
Rendered questions/_snippet_body (7.1ms)
  [4;35;1mSQL (0.1ms)[0m   [0mSELECT count(*) AS count_all FROM `responses` WHERE (`responses`.question_id = 1) [0m
Completed in 108ms (View: 47, DB: 4) | 200 OK [http://localhost/questions/show/1]
  [4;36;1mSQL (0.1ms)[0m   [0;1mSET NAMES 'utf8'[0m
  [4;35;1mSQL (0.1ms)[0m   [0mSET SQL_AUTO_IS_NULL=0[0m


Processing QuestionsController#index (for 127.0.0.1 at 2010-10-19 00:34:06) [GET]
  Parameters: {"action"=>"index", "controller"=>"questions"}
  [4;36;1mQuestion Load (0.2ms)[0m   [0;1mSELECT * FROM `questions` ORDER BY created_at DESC[0m
Rendering template within layouts/application
Rendering questions/index
Rendered questions/_separator (0.2ms)
  [4;35;1mQuestion Columns (1.1ms)[0m   [0mSHOW FIELDS FROM `questions`[0m
Rendered questions/_snippet_body (15.0ms)
  [4;36;1mResponse Columns (0.8ms)[0m   [0;1mSHOW FIELDS FROM `responses`[0m
  [4;35;1mSQL (0.1ms)[0m   [0mSELECT count(*) AS count_all FROM `responses` WHERE (`responses`.question_id = 1) [0m
Rendered questions/_snippet (28.7ms)
  [4;36;1mUser Columns (0.9ms)[0m   [0;1mSHOW FIELDS FROM `users`[0m
Completed in 178ms (View: 75, DB: 3) | 200 OK [http://localhost/]
  [4;35;1mSQL (0.1ms)[0m   [0mSET NAMES 'utf8'[0m
  [4;36;1mSQL (0.1ms)[0m   [0;1mSET SQL_AUTO_IS_NULL=0[0m


Processing QuestionsController#subscribe (for 127.0.0.1 at 2010-10-19 00:35:51) [POST]
  Parameters: {"commit"=>"Notify Me", "action"=>"subscribe", "authenticity_token"=>"O1s0H5M1jIIlcMgWHlkLUB+xEOx1itZcT1vqm8bn4t4=", "subscriber_email"=>"hrajagopal@yahoo.com", "controller"=>"questions"}

ActionView::MissingTemplate (Missing layout layouts/notifications.erb in view path app/views):
  app/controllers/questions_controller.rb:116:in `subscribe'
  /usr/lib/ruby/gems/1.8/gems/ruby-debug-ide-0.4.9/lib/ruby-debug-ide.rb:109:in `debug_load'
  /usr/lib/ruby/gems/1.8/gems/ruby-debug-ide-0.4.9/lib/ruby-debug-ide.rb:109:in `debug_program'
  /usr/lib/ruby/gems/1.8/gems/ruby-debug-ide-0.4.9/bin/rdebug-ide:87
  /usr/bin/rdebug-ide:19:in `load'
  /usr/bin/rdebug-ide:19

Rendering rescues/layout (internal_server_error)
  [4;35;1mSQL (0.1ms)[0m   [0mSET NAMES 'utf8'[0m
  [4;36;1mSQL (0.1ms)[0m   [0;1mSET SQL_AUTO_IS_NULL=0[0m


Processing QuestionsController#subscribe (for 127.0.0.1 at 2010-10-19 00:37:29) [POST]
  Parameters: {"commit"=>"Notify Me", "action"=>"subscribe", "authenticity_token"=>"O1s0H5M1jIIlcMgWHlkLUB+xEOx1itZcT1vqm8bn4t4=", "subscriber_email"=>"hrajagopal@yahoo.com", "controller"=>"questions"}
Sent mail to hrajagopal@yahoo.com

Date: Tue, 19 Oct 2010 00:37:34 -0700
From: Can I Afford It <admin@caniafforditnow.com>
Reply-To: caniafforditnow@gmail.com
To: hrajagopal@yahoo.com
Subject:  A new question has been posed
Mime-Version: 1.0
Content-Type: text/html; charset=utf-8


Hi there!<br/><br/>

A new question has been posted on our site. <br/>

You can see it at http://localhost:3000/questions/show/1

Happy Affording,<br/>
-Can I Afford It? Team<br/>

<div style="margin-top: 3px;font-size:12px;color:#9e948a;">
 
If the above link does not work try copying and pasting it into your browser.<br/>
If you continue to have problems please feel free to <a href="mailto:engagevia@gmail.com">contact us</a>.<br/>

NOTE:<br/>
<span style="font-size:85%;color:#333333;">
You are receiving this email because your email was subscribed to receive notification. <br/>
To unsubscribe mail to us<a href="mailto:engagevia@gmail.com">with the subject unsubscribe</a><br/>
We sincerely apologize for the inconvenience.
</span>
</div>



ActionView::MissingTemplate (Missing template questions/subscribe.erb in view path app/views):
  /usr/lib/ruby/gems/1.8/gems/ruby-debug-ide-0.4.9/lib/ruby-debug-ide.rb:109:in `debug_load'
  /usr/lib/ruby/gems/1.8/gems/ruby-debug-ide-0.4.9/lib/ruby-debug-ide.rb:109:in `debug_program'
  /usr/lib/ruby/gems/1.8/gems/ruby-debug-ide-0.4.9/bin/rdebug-ide:87
  /usr/bin/rdebug-ide:19:in `load'
  /usr/bin/rdebug-ide:19

Rendering rescues/layout (internal_server_error)
  [4;35;1mSQL (0.1ms)[0m   [0mSET NAMES 'utf8'[0m
  [4;36;1mSQL (0.1ms)[0m   [0;1mSET SQL_AUTO_IS_NULL=0[0m


Processing QuestionsController#subscribe (for 127.0.0.1 at 2010-10-19 00:41:26) [POST]
  Parameters: {"commit"=>"Notify Me", "action"=>"subscribe", "authenticity_token"=>"O1s0H5M1jIIlcMgWHlkLUB+xEOx1itZcT1vqm8bn4t4=", "subscriber_email"=>"hrajagopal@yahoo.com", "controller"=>"questions"}
Sent mail to hrajagopal@yahoo.com

Date: Tue, 19 Oct 2010 00:41:33 -0700
From: Can I Afford It <admin@caniafforditnow.com>
Reply-To: caniafforditnow@gmail.com
To: hrajagopal@yahoo.com
Subject:  A new question has been posed
Mime-Version: 1.0
Content-Type: text/html; charset=utf-8


Hi there!<br/><br/>

A new question has been posted on our site. <br/>

You can see it at http://localhost:3000/questions/show/1

Happy Affording,<br/>
-Can I Afford It? Team<br/>

<div style="margin-top: 3px;font-size:12px;color:#9e948a;">
 
If the above link does not work try copying and pasting it into your browser.<br/>
If you continue to have problems please feel free to <a href="mailto:engagevia@gmail.com">contact us</a>.<br/>

NOTE:<br/>
<span style="font-size:85%;color:#333333;">
You are receiving this email because your email address was subscribed to receive notifications. <br/>
To unsubscribe, mail to us<a href="mailto:engagevia@gmail.com">with the subject unsubscribe</a><br/>
We sincerely apologize for the inconvenience.
</span>
</div>


Completed in 6611ms (View: 1, DB: 0) | 200 OK [http://localhost/questions/subscribe]
  [4;35;1mSQL (0.2ms)[0m   [0mSET NAMES 'utf8'[0m
  [4;36;1mSQL (0.1ms)[0m   [0;1mSET SQL_AUTO_IS_NULL=0[0m


Processing QuestionsController#index (for 127.0.0.1 at 2010-10-19 00:41:52) [GET]
  Parameters: {"action"=>"index", "controller"=>"questions"}
  [4;35;1mQuestion Load (0.2ms)[0m   [0mSELECT * FROM `questions` ORDER BY created_at DESC[0m
Rendering template within layouts/application
Rendering questions/index
Rendered questions/_separator (0.2ms)
  [4;36;1mQuestion Columns (1.0ms)[0m   [0;1mSHOW FIELDS FROM `questions`[0m
Rendered questions/_snippet_body (13.6ms)
  [4;35;1mResponse Columns (0.7ms)[0m   [0mSHOW FIELDS FROM `responses`[0m
  [4;36;1mSQL (0.1ms)[0m   [0;1mSELECT count(*) AS count_all FROM `responses` WHERE (`responses`.question_id = 1) [0m
Rendered questions/_snippet (24.6ms)
  [4;35;1mUser Columns (0.7ms)[0m   [0mSHOW FIELDS FROM `users`[0m
Completed in 83ms (View: 65, DB: 3) | 200 OK [http://localhost/]
  [4;36;1mSQL (0.1ms)[0m   [0;1mSET NAMES 'utf8'[0m
  [4;35;1mSQL (0.1ms)[0m   [0mSET SQL_AUTO_IS_NULL=0[0m


Processing QuestionsController#subscribe (for 127.0.0.1 at 2010-10-19 00:41:55) [POST]
  Parameters: {"commit"=>"Notify Me", "action"=>"subscribe", "authenticity_token"=>"O1s0H5M1jIIlcMgWHlkLUB+xEOx1itZcT1vqm8bn4t4=", "subscriber_email"=>"hrajagopal@yahoo.com", "controller"=>"questions"}
Sent mail to hrajagopal@yahoo.com

Date: Tue, 19 Oct 2010 00:41:55 -0700
From: Can I Afford It <admin@caniafforditnow.com>
Reply-To: caniafforditnow@gmail.com
To: hrajagopal@yahoo.com
Subject:  A new question has been posed
Mime-Version: 1.0
Content-Type: text/html; charset=utf-8


Hi there!<br/><br/>

A new question has been posted on our site. <br/>

You can see it at http://localhost:3000/questions/show/1

Happy Affording,<br/>
-Can I Afford It? Team<br/>

<div style="margin-top: 3px;font-size:12px;color:#9e948a;">
 
If the above link does not work try copying and pasting it into your browser.<br/>
If you continue to have problems please feel free to <a href="mailto:engagevia@gmail.com">contact us</a>.<br/>

NOTE:<br/>
<span style="font-size:85%;color:#333333;">
You are receiving this email because your email address was subscribed to receive notifications. <br/>
To unsubscribe, mail to us<a href="mailto:engagevia@gmail.com">with the subject unsubscribe</a><br/>
We sincerely apologize for the inconvenience.
</span>
</div>


Completed in 20ms (View: 1, DB: 0) | 200 OK [http://localhost/questions/subscribe]
